"../../../Engine/Content/EditorResources/S_Actor.ubulk" 0
"../../../Engine/Content/EditorResources/S_Actor.uasset" 1
"../../../Engine/Content/EditorResources/S_Actor.uexp" 2
"../../../Engine/Content/EditorResources/S_BoxReflectionCapture.uasset" 3
"../../../Engine/Content/EditorResources/S_BoxReflectionCapture.uexp" 4
"../../../Engine/Content/EngineResources/DefaultTexture.ubulk" 5
"../../../Engine/Content/EngineResources/DefaultTexture.uasset" 6
"../../../Engine/Content/EngineResources/DefaultTexture.uexp" 7
"../../../Engine/Content/EngineResources/DefaultTextureCube.uasset" 8
"../../../Engine/Content/EngineResources/DefaultTextureCube.uexp" 9
"../../../Engine/Content/EngineResources/DefaultVolumeTexture2D.uasset" 10
"../../../Engine/Content/EngineResources/DefaultVolumeTexture2D.uexp" 11
"../../../Engine/Content/EngineResources/DefaultVolumeTexture.uasset" 12
"../../../Engine/Content/EngineResources/DefaultVolumeTexture.uexp" 13
"../../../Engine/Content/EditorResources/S_Trigger.ubulk" 14
"../../../Engine/Content/EditorResources/S_Trigger.uasset" 15
"../../../Engine/Content/EditorResources/S_Trigger.uexp" 16
"../../../Engine/Content/EditorResources/S_TriggerBox.uasset" 17
"../../../Engine/Content/EditorResources/S_TriggerBox.uexp" 18
"../../../Engine/Content/EditorResources/S_TriggerCapsule.uasset" 19
"../../../Engine/Content/EditorResources/S_TriggerCapsule.uexp" 20
"../../../Engine/Content/EditorResources/S_TriggerSphere.uasset" 21
"../../../Engine/Content/EditorResources/S_TriggerSphere.uexp" 22
"../../../Engine/Content/EngineMeshes/Sphere.ubulk" 23
"../../../Engine/Content/EngineMeshes/Sphere.uasset" 24
"../../../Engine/Content/EngineMeshes/Sphere.uexp" 25
"../../../Engine/Content/EngineResources/GradientTexture0.uasset" 26
"../../../Engine/Content/EngineResources/GradientTexture0.uexp" 27
"../../../Engine/Content/EngineResources/Black.uasset" 28
"../../../Engine/Content/EngineResources/Black.uexp" 29
"../../../Engine/Content/VREditor/LaserPointer/VR_LaserPower_01.ubulk" 30
"../../../Engine/Content/VREditor/LaserPointer/VR_LaserPower_01.uasset" 31
"../../../Engine/Content/VREditor/LaserPointer/VR_LaserPower_01.uexp" 32
"../../../Engine/Content/VREditor/TransformGizmo/TransformGizmoMaterial.uasset" 33
"../../../Engine/Content/VREditor/TransformGizmo/TransformGizmoMaterial.uexp" 34
"../../../Engine/Content/VREditor/TransformGizmo/TranslucentTransformGizmoMaterial.uasset" 35
"../../../Engine/Content/VREditor/TransformGizmo/TranslucentTransformGizmoMaterial.uexp" 36
"../../../Engine/Content/VREditor/TransformGizmo/PlaneTranslationHandle.ubulk" 37
"../../../Engine/Content/VREditor/TransformGizmo/PlaneTranslationHandle.uasset" 38
"../../../Engine/Content/VREditor/TransformGizmo/PlaneTranslationHandle.uexp" 39
"../../../Engine/Content/VREditor/TransformGizmo/BoundingBoxCorner.ubulk" 40
"../../../Engine/Content/VREditor/TransformGizmo/BoundingBoxCorner.uasset" 41
"../../../Engine/Content/VREditor/TransformGizmo/BoundingBoxCorner.uexp" 42
"../../../Engine/Content/VREditor/TransformGizmo/BoundingBoxEdge.ubulk" 43
"../../../Engine/Content/VREditor/TransformGizmo/BoundingBoxEdge.uasset" 44
"../../../Engine/Content/VREditor/TransformGizmo/BoundingBoxEdge.uexp" 45
"../../../Engine/Content/VREditor/TransformGizmo/Main.uasset" 46
"../../../Engine/Content/VREditor/TransformGizmo/Main.uexp" 47
"../../../Engine/Content/VREditor/TransformGizmo/Xray.uasset" 48
"../../../Engine/Content/VREditor/TransformGizmo/Xray.uexp" 49
"../../../Engine/Content/VREditor/TransformGizmo/SM_Sequencer_Node.ubulk" 50
"../../../Engine/Content/VREditor/TransformGizmo/SM_Sequencer_Node.uasset" 51
"../../../Engine/Content/VREditor/TransformGizmo/SM_Sequencer_Node.uexp" 52
"../../../Engine/Content/EditorMaterials/Camera/CineMat.uasset" 53
"../../../Engine/Content/EditorMaterials/Camera/CineMat.uexp" 54
"../../../Engine/Content/EditorMaterials/Camera/MI_CineMat_Rig.uasset" 55
"../../../Engine/Content/EditorMaterials/Camera/MI_CineMat_Rig.uexp" 56
"../../../Engine/Content/EditorMeshes/Camera/SM_CraneRig_Base.ubulk" 57
"../../../Engine/Content/EditorMeshes/Camera/SM_CraneRig_Base.uasset" 58
"../../../Engine/Content/EditorMeshes/Camera/SM_CraneRig_Base.uexp" 59
"../../../Engine/Content/EditorMeshes/Camera/SM_CraneRig_Arm.ubulk" 60
"../../../Engine/Content/EditorMeshes/Camera/SM_CraneRig_Arm.uasset" 61
"../../../Engine/Content/EditorMeshes/Camera/SM_CraneRig_Arm.uexp" 62
"../../../Engine/Content/EditorMeshes/Camera/SM_CraneRig_Mount.ubulk" 63
"../../../Engine/Content/EditorMeshes/Camera/SM_CraneRig_Mount.uasset" 64
"../../../Engine/Content/EditorMeshes/Camera/SM_CraneRig_Mount.uexp" 65
"../../../Engine/Content/EditorMeshes/Camera/SM_CraneRig_Body.ubulk" 66
"../../../Engine/Content/EditorMeshes/Camera/SM_CraneRig_Body.uasset" 67
"../../../Engine/Content/EditorMeshes/Camera/SM_CraneRig_Body.uexp" 68
"../../../Engine/Content/EditorMeshes/Camera/SM_RailRig_Track.ubulk" 69
"../../../Engine/Content/EditorMeshes/Camera/SM_RailRig_Track.uasset" 70
"../../../Engine/Content/EditorMeshes/Camera/SM_RailRig_Track.uexp" 71
"../../../Engine/Content/EditorMeshes/Camera/SM_RailRig_Mount.ubulk" 72
"../../../Engine/Content/EditorMeshes/Camera/SM_RailRig_Mount.uasset" 73
"../../../Engine/Content/EditorMeshes/Camera/SM_RailRig_Mount.uexp" 74
"../../../Engine/Content/EngineMaterials/T_Default_Material_Grid_M.ubulk" 75
"../../../Engine/Content/EngineMaterials/T_Default_Material_Grid_M.uasset" 76
"../../../Engine/Content/EngineMaterials/T_Default_Material_Grid_M.uexp" 77
"../../../Engine/Content/EngineMaterials/T_Default_Material_Grid_N.ubulk" 78
"../../../Engine/Content/EngineMaterials/T_Default_Material_Grid_N.uasset" 79
"../../../Engine/Content/EngineMaterials/T_Default_Material_Grid_N.uexp" 80
"../../../Engine/Content/Functions/Engine_MaterialFunctions01/Opacity/CameraDepthFade.uasset" 81
"../../../Engine/Content/Functions/Engine_MaterialFunctions01/Opacity/CameraDepthFade.uexp" 82
"../../../Engine/Content/EngineMaterials/WorldGridMaterial.uasset" 83
"../../../Engine/Content/EngineMaterials/WorldGridMaterial.uexp" 84
"../../../Engine/Content/ArtTools/RenderToTexture/Meshes/S_1_Unit_Plane.ubulk" 85
"../../../Engine/Content/ArtTools/RenderToTexture/Meshes/S_1_Unit_Plane.uasset" 86
"../../../Engine/Content/ArtTools/RenderToTexture/Meshes/S_1_Unit_Plane.uexp" 87
"../../../Engine/Content/EditorMaterials/ParticleSystems/PSysThumbnail_NoImage.ubulk" 88
"../../../Engine/Content/EditorMaterials/ParticleSystems/PSysThumbnail_NoImage.uasset" 89
"../../../Engine/Content/EditorMaterials/ParticleSystems/PSysThumbnail_NoImage.uexp" 90
"../../../Engine/Content/EditorMaterials/ParticleSystems/PSysThumbnail_OOD.ubulk" 91
"../../../Engine/Content/EditorMaterials/ParticleSystems/PSysThumbnail_OOD.uasset" 92
"../../../Engine/Content/EditorMaterials/ParticleSystems/PSysThumbnail_OOD.uexp" 93
"../../../Engine/Content/EditorLandscapeResources/SplineEditorMeshMat.uasset" 94
"../../../Engine/Content/EditorLandscapeResources/SplineEditorMeshMat.uexp" 95
"../../../Engine/Content/EditorLandscapeResources/SplineEditorMesh.ubulk" 96
"../../../Engine/Content/EditorLandscapeResources/SplineEditorMesh.uasset" 97
"../../../Engine/Content/EditorLandscapeResources/SplineEditorMesh.uexp" 98
"../../../Engine/Content/EditorResources/S_Solver.ubulk" 99
"../../../Engine/Content/EditorResources/S_Solver.uasset" 100
"../../../Engine/Content/EditorResources/S_Solver.uexp" 101
"../../../Engine/Plugins/Media/MediaPlate/Content/SM_MediaPlateScreen.ubulk" 102
"../../../Engine/Plugins/Media/MediaPlate/Content/SM_MediaPlateScreen.uasset" 103
"../../../Engine/Plugins/Media/MediaPlate/Content/SM_MediaPlateScreen.uexp" 104
"../../../Engine/Content/EngineMaterials/Good64x64TilingNoiseHighFreq.uasset" 105
"../../../Engine/Content/EngineMaterials/Good64x64TilingNoiseHighFreq.uexp" 106
"../../../Engine/Content/EngineMaterials/DefaultBokeh.uasset" 107
"../../../Engine/Content/EngineMaterials/DefaultBokeh.uexp" 108
"../../../Engine/Content/EngineMaterials/PreintegratedSkinBRDF.uasset" 109
"../../../Engine/Content/EngineMaterials/PreintegratedSkinBRDF.uexp" 110
"../../../Engine/Content/EngineMaterials/MiniFont.uasset" 111
"../../../Engine/Content/EngineMaterials/MiniFont.uexp" 112
"../../../Engine/Content/EngineMaterials/WeightMapPlaceholderTexture.uasset" 113
"../../../Engine/Content/EngineMaterials/WeightMapPlaceholderTexture.uexp" 114
"../../../Engine/Content/EngineMaterials/DefaultWhiteGrid.ubulk" 115
"../../../Engine/Content/EngineMaterials/DefaultWhiteGrid.uasset" 116
"../../../Engine/Content/EngineMaterials/DefaultWhiteGrid.uexp" 117
"../../../Engine/Plugins/2D/Paper2D/Content/PlaceholderTextures/DummySpriteTexture.ubulk" 118
"../../../Engine/Plugins/2D/Paper2D/Content/PlaceholderTextures/DummySpriteTexture.uasset" 119
"../../../Engine/Plugins/2D/Paper2D/Content/PlaceholderTextures/DummySpriteTexture.uexp" 120
"../../../Engine/Plugins/2D/Paper2D/Content/DefaultSpriteMaterial.uasset" 121
"../../../Engine/Plugins/2D/Paper2D/Content/DefaultSpriteMaterial.uexp" 122
"../../../Engine/Plugins/2D/Paper2D/Content/OpaqueUnlitSpriteMaterial.uasset" 123
"../../../Engine/Plugins/2D/Paper2D/Content/OpaqueUnlitSpriteMaterial.uexp" 124
"../../../Engine/Plugins/2D/Paper2D/Content/MaskedUnlitSpriteMaterial.uasset" 125
"../../../Engine/Plugins/2D/Paper2D/Content/MaskedUnlitSpriteMaterial.uexp" 126
"../../../Engine/Plugins/2D/Paper2D/Content/DummySprite.uasset" 127
"../../../Engine/Plugins/2D/Paper2D/Content/DummySprite.uexp" 128
"../../../Engine/Plugins/2D/Paper2D/Content/DefaultPaperTerrainMaterial.uasset" 129
"../../../Engine/Plugins/2D/Paper2D/Content/DefaultPaperTerrainMaterial.uexp" 130
"../../../Engine/Content/Functions/Engine_MaterialFunctions02/WorldPositionOffset/CameraOffset.uasset" 131
"../../../Engine/Content/Functions/Engine_MaterialFunctions02/WorldPositionOffset/CameraOffset.uexp" 132
"../../../Engine/Plugins/Animation/ControlRig/Content/M_Manip.uasset" 133
"../../../Engine/Plugins/Animation/ControlRig/Content/M_Manip.uexp" 134
"../../../Engine/Content/Animation/DefaultRecorderBoneCompression.uasset" 135
"../../../Engine/Content/Animation/DefaultRecorderBoneCompression.uexp" 136
"../../../Engine/Content/Animation/DefaultAnimCurveCompressionSettings.uasset" 137
"../../../Engine/Content/Animation/DefaultAnimCurveCompressionSettings.uexp" 138
"../../../Engine/Content/Animation/DefaultAnimBoneCompressionSettings.uasset" 139
"../../../Engine/Content/Animation/DefaultAnimBoneCompressionSettings.uexp" 140
"../../../Engine/Content/EngineMaterials/DefaultMaterial.uasset" 141
"../../../Engine/Content/EngineMaterials/DefaultMaterial.uexp" 142
"../../../Engine/Content/BasicShapes/Sphere.ubulk" 143
"../../../Engine/Content/BasicShapes/Sphere.uasset" 144
"../../../Engine/Content/BasicShapes/Sphere.uexp" 145
"../../../Engine/Content/BasicShapes/Plane.ubulk" 146
"../../../Engine/Content/BasicShapes/Plane.uasset" 147
"../../../Engine/Content/BasicShapes/Plane.uexp" 148
"../../../Engine/Content/BasicShapes/Cylinder.ubulk" 149
"../../../Engine/Content/BasicShapes/Cylinder.uasset" 150
"../../../Engine/Content/BasicShapes/Cylinder.uexp" 151
"../../../Engine/Content/BasicShapes/Cube.ubulk" 152
"../../../Engine/Content/BasicShapes/Cube.uasset" 153
"../../../Engine/Content/BasicShapes/Cube.uexp" 154
"../../../Engine/Content/EditorResources/S_Terrain.ubulk" 155
"../../../Engine/Content/EditorResources/S_Terrain.uasset" 156
"../../../Engine/Content/EditorResources/S_Terrain.uexp" 157
"../../../Engine/Content/EngineResources/WhiteSquareTexture.uasset" 158
"../../../Engine/Content/EngineResources/WhiteSquareTexture.uexp" 159
"../../../Engine/Content/EngineMaterials/Widget3DPassThrough.uasset" 160
"../../../Engine/Content/EngineMaterials/Widget3DPassThrough.uexp" 161
"../../../Engine/Content/EngineMaterials/Widget3DPassThrough_Translucent.uasset" 162
"../../../Engine/Content/EngineMaterials/Widget3DPassThrough_Translucent.uexp" 163
"../../../Engine/Content/EngineMaterials/Widget3DPassThrough_Translucent_OneSided.uasset" 164
"../../../Engine/Content/EngineMaterials/Widget3DPassThrough_Translucent_OneSided.uexp" 165
"../../../Engine/Content/EngineMaterials/Widget3DPassThrough_Opaque.uasset" 166
"../../../Engine/Content/EngineMaterials/Widget3DPassThrough_Opaque.uexp" 167
"../../../Engine/Content/EngineMaterials/Widget3DPassThrough_Opaque_OneSided.uasset" 168
"../../../Engine/Content/EngineMaterials/Widget3DPassThrough_Opaque_OneSided.uexp" 169
"../../../Engine/Content/EngineMaterials/Widget3DPassThrough_Masked_OneSided.uasset" 170
"../../../Engine/Content/EngineMaterials/Widget3DPassThrough_Masked_OneSided.uexp" 171
"../../../Engine/Content/EngineMaterials/Widget3DPassThrough_Masked.uasset" 172
"../../../Engine/Content/EngineMaterials/Widget3DPassThrough_Masked.uexp" 173
"../../../Engine/Plugins/Editor/SpeedTreeImporter/Content/SpeedTree9/game_wind_noise.ubulk" 174
"../../../Engine/Plugins/Editor/SpeedTreeImporter/Content/SpeedTree9/game_wind_noise.uasset" 175
"../../../Engine/Plugins/Editor/SpeedTreeImporter/Content/SpeedTree9/game_wind_noise.uexp" 176
"../../../Engine/Plugins/Editor/SpeedTreeImporter/Content/SpeedTree9/UnpackDirection.uasset" 177
"../../../Engine/Plugins/Editor/SpeedTreeImporter/Content/SpeedTree9/UnpackDirection.uexp" 178
"../../../Engine/Content/Functions/Engine_MaterialFunctions02/ObjectLocalBounds.uasset" 179
"../../../Engine/Content/Functions/Engine_MaterialFunctions02/ObjectLocalBounds.uexp" 180
"../../../Engine/Content/Functions/Engine_MaterialFunctions02/Utility/BreakOutFloat3Components.uasset" 181
"../../../Engine/Content/Functions/Engine_MaterialFunctions02/Utility/BreakOutFloat3Components.uexp" 182
"../../../Engine/Content/Functions/Engine_MaterialFunctions02/UVs/BoundingBoxBased_0-1_UVW.uasset" 183
"../../../Engine/Content/Functions/Engine_MaterialFunctions02/UVs/BoundingBoxBased_0-1_UVW.uexp" 184
"../../../Engine/Content/Functions/Engine_MaterialFunctions02/Utility/VectorLength.uasset" 185
"../../../Engine/Content/Functions/Engine_MaterialFunctions02/Utility/VectorLength.uexp" 186
"../../../Engine/Plugins/Editor/SpeedTreeImporter/Content/SpeedTree9/UnpackInteger3.uasset" 187
"../../../Engine/Plugins/Editor/SpeedTreeImporter/Content/SpeedTree9/UnpackInteger3.uexp" 188
"../../../Engine/Plugins/Editor/SpeedTreeImporter/Content/SpeedTree9/SpeedTreeCameraFacing.uasset" 189
"../../../Engine/Plugins/Editor/SpeedTreeImporter/Content/SpeedTree9/SpeedTreeCameraFacing.uexp" 190
"../../../Engine/Content/Functions/Engine_MaterialFunctions02/WorldPositionOffset/ObjectScale.uasset" 191
"../../../Engine/Content/Functions/Engine_MaterialFunctions02/WorldPositionOffset/ObjectScale.uexp" 192
"../../../Engine/Content/Functions/Engine_MaterialFunctions02/SafeNormalize.uasset" 193
"../../../Engine/Content/Functions/Engine_MaterialFunctions02/SafeNormalize.uexp" 194
"../../../Engine/Plugins/Editor/SpeedTreeImporter/Content/SpeedTree9/SpeedTreeWindMotion.uasset" 195
"../../../Engine/Plugins/Editor/SpeedTreeImporter/Content/SpeedTree9/SpeedTreeWindMotion.uexp" 196
"../../../Engine/Plugins/Editor/SpeedTreeImporter/Content/SpeedTree9/SpeedTreeBranchMotion.uasset" 197
"../../../Engine/Plugins/Editor/SpeedTreeImporter/Content/SpeedTree9/SpeedTreeBranchMotion.uexp" 198
"../../../Engine/Plugins/Editor/SpeedTreeImporter/Content/SpeedTree9/SpeedTreeWind.uasset" 199
"../../../Engine/Plugins/Editor/SpeedTreeImporter/Content/SpeedTree9/SpeedTreeWind.uexp" 200
"../../../Engine/Plugins/Editor/SpeedTreeImporter/Content/SpeedTree9/EmptyNormal.uasset" 201
"../../../Engine/Plugins/Editor/SpeedTreeImporter/Content/SpeedTree9/EmptyNormal.uexp" 202
"../../../Engine/Plugins/Editor/SpeedTreeImporter/Content/SpeedTree9/Empty.uasset" 203
"../../../Engine/Plugins/Editor/SpeedTreeImporter/Content/SpeedTree9/Empty.uexp" 204
"../../../Engine/Plugins/Editor/SpeedTreeImporter/Content/SpeedTree9/SpeedTreeMaster.uasset" 205
"../../../Engine/Plugins/Editor/SpeedTreeImporter/Content/SpeedTree9/SpeedTreeMaster.uexp" 206
"../../../Engine/Plugins/Editor/SpeedTreeImporter/Content/SpeedTree9/SpeedTreeBillboard.uasset" 207
"../../../Engine/Plugins/Editor/SpeedTreeImporter/Content/SpeedTree9/SpeedTreeBillboard.uexp" 208
"../../../Engine/Plugins/Editor/SpeedTreeImporter/Content/SpeedTree9/SpeedTreeBillboardMaster.uasset" 209
"../../../Engine/Plugins/Editor/SpeedTreeImporter/Content/SpeedTree9/SpeedTreeBillboardMaster.uexp" 210
"../../../Engine/Plugins/Animation/ControlRig/Content/Controls/DefaultGizmoLibraryNormalized.uasset" 211
"../../../Engine/Plugins/Animation/ControlRig/Content/Controls/DefaultGizmoLibraryNormalized.uexp" 212
"../../../Engine/Plugins/Animation/ControlRig/Content/Controls/ControlRig_Wedge_solid.ubulk" 213
"../../../Engine/Plugins/Animation/ControlRig/Content/Controls/ControlRig_Wedge_solid.uasset" 214
"../../../Engine/Plugins/Animation/ControlRig/Content/Controls/ControlRig_Wedge_solid.uexp" 215
"../../../Engine/Plugins/Animation/ControlRig/Content/Controls/ControlRig_Wedge_3mm.ubulk" 216
"../../../Engine/Plugins/Animation/ControlRig/Content/Controls/ControlRig_Wedge_3mm.uasset" 217
"../../../Engine/Plugins/Animation/ControlRig/Content/Controls/ControlRig_Wedge_3mm.uexp" 218
"../../../Engine/Plugins/Animation/ControlRig/Content/Controls/ControlRig_Wedge_1mm.ubulk" 219
"../../../Engine/Plugins/Animation/ControlRig/Content/Controls/ControlRig_Wedge_1mm.uasset" 220
"../../../Engine/Plugins/Animation/ControlRig/Content/Controls/ControlRig_Wedge_1mm.uexp" 221
"../../../Engine/Plugins/Animation/ControlRig/Content/Controls/ControlRig_Triangle_solid.ubulk" 222
"../../../Engine/Plugins/Animation/ControlRig/Content/Controls/ControlRig_Triangle_solid.uasset" 223
"../../../Engine/Plugins/Animation/ControlRig/Content/Controls/ControlRig_Triangle_solid.uexp" 224
"../../../Engine/Plugins/Animation/ControlRig/Content/Controls/ControlRig_Triangle_3mm.ubulk" 225
"../../../Engine/Plugins/Animation/ControlRig/Content/Controls/ControlRig_Triangle_3mm.uasset" 226
"../../../Engine/Plugins/Animation/ControlRig/Content/Controls/ControlRig_Triangle_3mm.uexp" 227
"../../../Engine/Plugins/Animation/ControlRig/Content/Controls/ControlRig_Triangle_1mm.ubulk" 228
"../../../Engine/Plugins/Animation/ControlRig/Content/Controls/ControlRig_Triangle_1mm.uasset" 229
"../../../Engine/Plugins/Animation/ControlRig/Content/Controls/ControlRig_Triangle_1mm.uexp" 230
"../../../Engine/Plugins/Animation/ControlRig/Content/Controls/ControlRig_Star4_solid.ubulk" 231
"../../../Engine/Plugins/Animation/ControlRig/Content/Controls/ControlRig_Star4_solid.uasset" 232
"../../../Engine/Plugins/Animation/ControlRig/Content/Controls/ControlRig_Star4_solid.uexp" 233
"../../../Engine/Plugins/Animation/ControlRig/Content/Controls/ControlRig_Star4_3mm.ubulk" 234
"../../../Engine/Plugins/Animation/ControlRig/Content/Controls/ControlRig_Star4_3mm.uasset" 235
"../../../Engine/Plugins/Animation/ControlRig/Content/Controls/ControlRig_Star4_3mm.uexp" 236
"../../../Engine/Plugins/Animation/ControlRig/Content/Controls/ControlRig_Star4_1mm.ubulk" 237
"../../../Engine/Plugins/Animation/ControlRig/Content/Controls/ControlRig_Star4_1mm.uasset" 238
"../../../Engine/Plugins/Animation/ControlRig/Content/Controls/ControlRig_Star4_1mm.uexp" 239
"../../../Engine/Plugins/Animation/ControlRig/Content/Controls/ControlRig_Square_solid.ubulk" 240
"../../../Engine/Plugins/Animation/ControlRig/Content/Controls/ControlRig_Square_solid.uasset" 241
"../../../Engine/Plugins/Animation/ControlRig/Content/Controls/ControlRig_Square_solid.uexp" 242
"../../../Engine/Plugins/Animation/ControlRig/Content/Controls/ControlRig_Square_3mm.ubulk" 243
"../../../Engine/Plugins/Animation/ControlRig/Content/Controls/ControlRig_Square_3mm.uasset" 244
"../../../Engine/Plugins/Animation/ControlRig/Content/Controls/ControlRig_Square_3mm.uexp" 245
"../../../Engine/Plugins/Animation/ControlRig/Content/Controls/ControlRig_Square_1mm.ubulk" 246
"../../../Engine/Plugins/Animation/ControlRig/Content/Controls/ControlRig_Square_1mm.uasset" 247
"../../../Engine/Plugins/Animation/ControlRig/Content/Controls/ControlRig_Square_1mm.uexp" 248
"../../../Engine/Plugins/Animation/ControlRig/Content/Controls/ControlRig_Sphere_solid.ubulk" 249
"../../../Engine/Plugins/Animation/ControlRig/Content/Controls/ControlRig_Sphere_solid.uasset" 250
"../../../Engine/Plugins/Animation/ControlRig/Content/Controls/ControlRig_Sphere_solid.uexp" 251
"../../../Engine/Plugins/Runtime/MeshModelingToolset/Content/Materials/M_DynamicMeshComponentVtxColor.uasset" 252
"../../../Engine/Plugins/Runtime/MeshModelingToolset/Content/Materials/M_DynamicMeshComponentVtxColor.uexp" 253
"../../../Engine/Plugins/Interchange/Runtime/Content/Pipelines/DefaultTexturePipeline.uasset" 254
"../../../Engine/Plugins/Interchange/Runtime/Content/Pipelines/DefaultTexturePipeline.uexp" 255
"../../../Engine/Plugins/Interchange/Runtime/Content/Pipelines/DefaultSceneLevelPipeline.uasset" 256
"../../../Engine/Plugins/Interchange/Runtime/Content/Pipelines/DefaultSceneLevelPipeline.uexp" 257
"../../../Engine/Plugins/Interchange/Runtime/Content/Pipelines/DefaultSceneAssetsPipeline.uasset" 258
"../../../Engine/Plugins/Interchange/Runtime/Content/Pipelines/DefaultSceneAssetsPipeline.uexp" 259
"../../../Engine/Plugins/Interchange/Runtime/Content/Pipelines/DefaultMaterialPipeline.uasset" 260
"../../../Engine/Plugins/Interchange/Runtime/Content/Pipelines/DefaultMaterialPipeline.uexp" 261
"../../../Engine/Plugins/Interchange/Runtime/Content/Pipelines/DefaultAssetsPipeline.uasset" 262
"../../../Engine/Plugins/Interchange/Runtime/Content/Pipelines/DefaultAssetsPipeline.uexp" 263
"../../../Engine/Plugins/Animation/ControlRig/Content/Controls/ControlRig_Sphere_3mm.ubulk" 264
"../../../Engine/Plugins/Animation/ControlRig/Content/Controls/ControlRig_Sphere_3mm.uasset" 265
"../../../Engine/Plugins/Animation/ControlRig/Content/Controls/ControlRig_Sphere_3mm.uexp" 266
"../../../Engine/Plugins/Animation/ControlRig/Content/Controls/ControlRig_Sphere_1mm.ubulk" 267
"../../../Engine/Plugins/Animation/ControlRig/Content/Controls/ControlRig_Sphere_1mm.uasset" 268
"../../../Engine/Plugins/Animation/ControlRig/Content/Controls/ControlRig_Sphere_1mm.uexp" 269
"../../../Engine/Plugins/Animation/ControlRig/Content/Controls/ControlRig_RoundedTriangle_solid.ubulk" 270
"../../../Engine/Plugins/Animation/ControlRig/Content/Controls/ControlRig_RoundedTriangle_solid.uasset" 271
"../../../Engine/Plugins/Animation/ControlRig/Content/Controls/ControlRig_RoundedTriangle_solid.uexp" 272
"../../../Engine/Plugins/Animation/ControlRig/Content/Controls/ControlRig_RoundedTriangle_3mm.ubulk" 273
"../../../Engine/Plugins/Animation/ControlRig/Content/Controls/ControlRig_RoundedTriangle_3mm.uasset" 274
"../../../Engine/Plugins/Animation/ControlRig/Content/Controls/ControlRig_RoundedTriangle_3mm.uexp" 275
"../../../Engine/Plugins/Animation/ControlRig/Content/Controls/ControlRig_RoundedTriangle_1mm.ubulk" 276
"../../../Engine/Plugins/Animation/ControlRig/Content/Controls/ControlRig_RoundedTriangle_1mm.uasset" 277
"../../../Engine/Plugins/Animation/ControlRig/Content/Controls/ControlRig_RoundedTriangle_1mm.uexp" 278
"../../../Engine/Plugins/Animation/ControlRig/Content/Controls/ControlRig_RoundedSquare_solid.ubulk" 279
"../../../Engine/Plugins/Animation/ControlRig/Content/Controls/ControlRig_RoundedSquare_solid.uasset" 280
"../../../Engine/Plugins/Animation/ControlRig/Content/Controls/ControlRig_RoundedSquare_solid.uexp" 281
"../../../Engine/Plugins/Animation/ControlRig/Content/Controls/ControlRig_RoundedSquare_3mm.ubulk" 282
"../../../Engine/Plugins/Animation/ControlRig/Content/Controls/ControlRig_RoundedSquare_3mm.uasset" 283
"../../../Engine/Plugins/Animation/ControlRig/Content/Controls/ControlRig_RoundedSquare_3mm.uexp" 284
"../../../Engine/Plugins/Animation/ControlRig/Content/Controls/ControlRig_RoundedSquare_1mm.ubulk" 285
"../../../Engine/Plugins/Animation/ControlRig/Content/Controls/ControlRig_RoundedSquare_1mm.uasset" 286
"../../../Engine/Plugins/Animation/ControlRig/Content/Controls/ControlRig_RoundedSquare_1mm.uexp" 287
"../../../Engine/Plugins/Animation/ControlRig/Content/Controls/ControlRig_QuarterCircle_solid.ubulk" 288
"../../../Engine/Plugins/Animation/ControlRig/Content/Controls/ControlRig_QuarterCircle_solid.uasset" 289
"../../../Engine/Plugins/Animation/ControlRig/Content/Controls/ControlRig_QuarterCircle_solid.uexp" 290
"../../../Engine/Plugins/Animation/ControlRig/Content/Controls/ControlRig_QuarterCircle_3mm.ubulk" 291
"../../../Engine/Plugins/Animation/ControlRig/Content/Controls/ControlRig_QuarterCircle_3mm.uasset" 292
"../../../Engine/Plugins/Animation/ControlRig/Content/Controls/ControlRig_QuarterCircle_3mm.uexp" 293
"../../../Engine/Plugins/Animation/ControlRig/Content/Controls/ControlRig_QuarterCircle_1mm.ubulk" 294
"../../../Engine/Plugins/Animation/ControlRig/Content/Controls/ControlRig_QuarterCircle_1mm.uasset" 295
"../../../Engine/Plugins/Animation/ControlRig/Content/Controls/ControlRig_QuarterCircle_1mm.uexp" 296
"../../../Engine/Plugins/Animation/ControlRig/Content/Controls/ControlRig_Pyramid_solid.ubulk" 297
"../../../Engine/Plugins/Animation/ControlRig/Content/Controls/ControlRig_Pyramid_solid.uasset" 298
"../../../Engine/Plugins/Animation/ControlRig/Content/Controls/ControlRig_Pyramid_solid.uexp" 299
"../../../Engine/Plugins/Animation/ControlRig/Content/Controls/ControlRig_Pyramid_3mm.ubulk" 300
"../../../Engine/Plugins/Animation/ControlRig/Content/Controls/ControlRig_Pyramid_3mm.uasset" 301
"../../../Engine/Plugins/Animation/ControlRig/Content/Controls/ControlRig_Pyramid_3mm.uexp" 302
"../../../Engine/Plugins/Animation/ControlRig/Content/Controls/ControlRig_Pyramid_1mm.ubulk" 303
"../../../Engine/Plugins/Animation/ControlRig/Content/Controls/ControlRig_Pyramid_1mm.uasset" 304
"../../../Engine/Plugins/Animation/ControlRig/Content/Controls/ControlRig_Pyramid_1mm.uexp" 305
"../../../Engine/Plugins/Animation/ControlRig/Content/Controls/ControlRig_Octagon_solid.ubulk" 306
"../../../Engine/Plugins/Animation/ControlRig/Content/Controls/ControlRig_Octagon_solid.uasset" 307
"../../../Engine/Plugins/Animation/ControlRig/Content/Controls/ControlRig_Octagon_solid.uexp" 308
"../../../Engine/Plugins/Animation/ControlRig/Content/Controls/ControlRig_Octagon_3mm.ubulk" 309
"../../../Engine/Plugins/Animation/ControlRig/Content/Controls/ControlRig_Octagon_3mm.uasset" 310
"../../../Engine/Plugins/Animation/ControlRig/Content/Controls/ControlRig_Octagon_3mm.uexp" 311
"../../../Engine/Plugins/Animation/ControlRig/Content/Controls/ControlRig_Octagon_1mm.ubulk" 312
"../../../Engine/Plugins/Animation/ControlRig/Content/Controls/ControlRig_Octagon_1mm.uasset" 313
"../../../Engine/Plugins/Animation/ControlRig/Content/Controls/ControlRig_Octagon_1mm.uexp" 314
"../../../Engine/Plugins/Animation/ControlRig/Content/Controls/ControlRig_Hexagon_solid.ubulk" 315
"../../../Engine/Plugins/Animation/ControlRig/Content/Controls/ControlRig_Hexagon_solid.uasset" 316
"../../../Engine/Plugins/Animation/ControlRig/Content/Controls/ControlRig_Hexagon_solid.uexp" 317
"../../../Engine/Plugins/Animation/ControlRig/Content/Controls/ControlRig_Hexagon_3mm.ubulk" 318
"../../../Engine/Plugins/Animation/ControlRig/Content/Controls/ControlRig_Hexagon_3mm.uasset" 319
"../../../Engine/Plugins/Animation/ControlRig/Content/Controls/ControlRig_Hexagon_3mm.uexp" 320
"../../../Engine/Plugins/Animation/ControlRig/Content/Controls/ControlRig_Hexagon_1mm.ubulk" 321
"../../../Engine/Plugins/Animation/ControlRig/Content/Controls/ControlRig_Hexagon_1mm.uasset" 322
"../../../Engine/Plugins/Animation/ControlRig/Content/Controls/ControlRig_Hexagon_1mm.uexp" 323
"../../../Engine/Plugins/Animation/ControlRig/Content/Controls/ControlRig_HalfCircle_solid.ubulk" 324
"../../../Engine/Plugins/Animation/ControlRig/Content/Controls/ControlRig_HalfCircle_solid.uasset" 325
"../../../Engine/Plugins/Animation/ControlRig/Content/Controls/ControlRig_HalfCircle_solid.uexp" 326
"../../../Engine/Plugins/Animation/ControlRig/Content/Controls/ControlRig_HalfCircle_3mm.ubulk" 327
"../../../Engine/Plugins/Animation/ControlRig/Content/Controls/ControlRig_HalfCircle_3mm.uasset" 328
"../../../Engine/Plugins/Animation/ControlRig/Content/Controls/ControlRig_HalfCircle_3mm.uexp" 329
"../../../Engine/Plugins/Animation/ControlRig/Content/Controls/ControlRig_HalfCircle_1mm.ubulk" 330
"../../../Engine/Plugins/Animation/ControlRig/Content/Controls/ControlRig_HalfCircle_1mm.uasset" 331
"../../../Engine/Plugins/Animation/ControlRig/Content/Controls/ControlRig_HalfCircle_1mm.uexp" 332
"../../../Engine/Plugins/Animation/ControlRig/Content/Controls/ControlRig_Diamond_solid.ubulk" 333
"../../../Engine/Plugins/Animation/ControlRig/Content/Controls/ControlRig_Diamond_solid.uasset" 334
"../../../Engine/Plugins/Animation/ControlRig/Content/Controls/ControlRig_Diamond_solid.uexp" 335
"../../../Engine/Plugins/Animation/ControlRig/Content/Controls/ControlRig_Diamond_3mm.ubulk" 336
"../../../Engine/Plugins/Animation/ControlRig/Content/Controls/ControlRig_Diamond_3mm.uasset" 337
"../../../Engine/Plugins/Animation/ControlRig/Content/Controls/ControlRig_Diamond_3mm.uexp" 338
"../../../Engine/Plugins/Animation/ControlRig/Content/Controls/ControlRig_Diamond_1mm.ubulk" 339
"../../../Engine/Plugins/Animation/ControlRig/Content/Controls/ControlRig_Diamond_1mm.uasset" 340
"../../../Engine/Plugins/Animation/ControlRig/Content/Controls/ControlRig_Diamond_1mm.uexp" 341
"../../../Engine/Plugins/Animation/ControlRig/Content/Controls/ControlRig_Circle_solid.ubulk" 342
"../../../Engine/Plugins/Animation/ControlRig/Content/Controls/ControlRig_Circle_solid.uasset" 343
"../../../Engine/Plugins/Animation/ControlRig/Content/Controls/ControlRig_Circle_solid.uexp" 344
"../../../Engine/Plugins/Animation/ControlRig/Content/Controls/ControlRig_Circle_3mm.ubulk" 345
"../../../Engine/Plugins/Animation/ControlRig/Content/Controls/ControlRig_Circle_3mm.uasset" 346
"../../../Engine/Plugins/Animation/ControlRig/Content/Controls/ControlRig_Circle_3mm.uexp" 347
"../../../Engine/Plugins/Animation/ControlRig/Content/Controls/ControlRig_Circle_1mm.ubulk" 348
"../../../Engine/Plugins/Animation/ControlRig/Content/Controls/ControlRig_Circle_1mm.uasset" 349
"../../../Engine/Plugins/Animation/ControlRig/Content/Controls/ControlRig_Circle_1mm.uexp" 350
"../../../Engine/Plugins/Animation/ControlRig/Content/Controls/ControlRig_Box_solid.ubulk" 351
"../../../Engine/Plugins/Animation/ControlRig/Content/Controls/ControlRig_Box_solid.uasset" 352
"../../../Engine/Plugins/Animation/ControlRig/Content/Controls/ControlRig_Box_solid.uexp" 353
"../../../Engine/Plugins/Animation/ControlRig/Content/Controls/ControlRig_Box_3mm.ubulk" 354
"../../../Engine/Plugins/Animation/ControlRig/Content/Controls/ControlRig_Box_3mm.uasset" 355
"../../../Engine/Plugins/Animation/ControlRig/Content/Controls/ControlRig_Box_3mm.uexp" 356
"../../../Engine/Plugins/Animation/ControlRig/Content/Controls/ControlRig_Box_1mm.ubulk" 357
"../../../Engine/Plugins/Animation/ControlRig/Content/Controls/ControlRig_Box_1mm.uasset" 358
"../../../Engine/Plugins/Animation/ControlRig/Content/Controls/ControlRig_Box_1mm.uexp" 359
"../../../Engine/Plugins/Animation/ControlRig/Content/Controls/ControlRig_Arrow_solid.ubulk" 360
"../../../Engine/Plugins/Animation/ControlRig/Content/Controls/ControlRig_Arrow_solid.uasset" 361
"../../../Engine/Plugins/Animation/ControlRig/Content/Controls/ControlRig_Arrow_solid.uexp" 362
"../../../Engine/Plugins/Animation/ControlRig/Content/Controls/ControlRig_Arrow_3mm.ubulk" 363
"../../../Engine/Plugins/Animation/ControlRig/Content/Controls/ControlRig_Arrow_3mm.uasset" 364
"../../../Engine/Plugins/Animation/ControlRig/Content/Controls/ControlRig_Arrow_3mm.uexp" 365
"../../../Engine/Plugins/Animation/ControlRig/Content/Controls/ControlRig_Arrow_1mm.ubulk" 366
"../../../Engine/Plugins/Animation/ControlRig/Content/Controls/ControlRig_Arrow_1mm.uasset" 367
"../../../Engine/Plugins/Animation/ControlRig/Content/Controls/ControlRig_Arrow_1mm.uexp" 368
"../../../Engine/Plugins/Animation/ControlRig/Content/Controls/ControlRig_Arrow4_solid.ubulk" 369
"../../../Engine/Plugins/Animation/ControlRig/Content/Controls/ControlRig_Arrow4_solid.uasset" 370
"../../../Engine/Plugins/Animation/ControlRig/Content/Controls/ControlRig_Arrow4_solid.uexp" 371
"../../../Engine/Plugins/Animation/ControlRig/Content/Controls/ControlRig_Arrow4_3mm.ubulk" 372
"../../../Engine/Plugins/Animation/ControlRig/Content/Controls/ControlRig_Arrow4_3mm.uasset" 373
"../../../Engine/Plugins/Animation/ControlRig/Content/Controls/ControlRig_Arrow4_3mm.uexp" 374
"../../../Engine/Plugins/Animation/ControlRig/Content/Controls/ControlRig_Arrow4_1mm.ubulk" 375
"../../../Engine/Plugins/Animation/ControlRig/Content/Controls/ControlRig_Arrow4_1mm.uasset" 376
"../../../Engine/Plugins/Animation/ControlRig/Content/Controls/ControlRig_Arrow4_1mm.uexp" 377
"../../../Engine/Plugins/Animation/ControlRig/Content/Controls/ControlRig_Arrow2_solid.ubulk" 378
"../../../Engine/Plugins/Animation/ControlRig/Content/Controls/ControlRig_Arrow2_solid.uasset" 379
"../../../Engine/Plugins/Animation/ControlRig/Content/Controls/ControlRig_Arrow2_solid.uexp" 380
"../../../Engine/Plugins/Animation/ControlRig/Content/Controls/ControlRig_Arrow2_3mm.ubulk" 381
"../../../Engine/Plugins/Animation/ControlRig/Content/Controls/ControlRig_Arrow2_3mm.uasset" 382
"../../../Engine/Plugins/Animation/ControlRig/Content/Controls/ControlRig_Arrow2_3mm.uexp" 383
"../../../Engine/Plugins/Animation/ControlRig/Content/Controls/ControlRig_Arrow2_1mm.ubulk" 384
"../../../Engine/Plugins/Animation/ControlRig/Content/Controls/ControlRig_Arrow2_1mm.uasset" 385
"../../../Engine/Plugins/Animation/ControlRig/Content/Controls/ControlRig_Arrow2_1mm.uexp" 386
"../../../Engine/Plugins/Animation/ControlRig/Content/Controls/ControlRigXRayMaterial.uasset" 387
"../../../Engine/Plugins/Animation/ControlRig/Content/Controls/ControlRigXRayMaterial.uexp" 388
"../../../Engine/Plugins/Animation/ControlRig/Content/Controls/ControlRigGizmoMaterial.uasset" 389
"../../../Engine/Plugins/Animation/ControlRig/Content/Controls/ControlRigGizmoMaterial.uexp" 390
"../../../Engine/Content/EngineSounds/Master.uasset" 391
"../../../Engine/Content/EngineSounds/Master.uexp" 392
"../../../Engine/Content/EngineMaterials/STBlueNoise_vec2_128x128x64.uasset" 393
"../../../Engine/Content/EngineMaterials/STBlueNoise_vec2_128x128x64.uexp" 394
"../../../Engine/Content/EngineMaterials/STBlueNoise_scalar_128x128x64.uasset" 395
"../../../Engine/Content/EngineMaterials/STBlueNoise_scalar_128x128x64.uexp" 396
"../../../Engine/Content/EngineMaterials/RemoveSurfaceMaterial.uasset" 397
"../../../Engine/Content/EngineMaterials/RemoveSurfaceMaterial.uexp" 398
"../../../Engine/Content/EngineMaterials/DefaultCalibrationGrayscale.uasset" 399
"../../../Engine/Content/EngineMaterials/DefaultCalibrationGrayscale.uexp" 400
"../../../Engine/Content/EngineMaterials/PPM_DefaultCalibrationGrayscale.uasset" 401
"../../../Engine/Content/EngineMaterials/PPM_DefaultCalibrationGrayscale.uexp" 402
"../../../Engine/Content/EngineMaterials/DefaultCalibrationColor.uasset" 403
"../../../Engine/Content/EngineMaterials/DefaultCalibrationColor.uexp" 404
"../../../Engine/Content/EngineMaterials/PPM_DefaultCalibrationColor.uasset" 405
"../../../Engine/Content/EngineMaterials/PPM_DefaultCalibrationColor.uexp" 406
"../../../Engine/Content/EngineMaterials/PhAT_JointLimitMaterial.uasset" 407
"../../../Engine/Content/EngineMaterials/PhAT_JointLimitMaterial.uexp" 408
"../../../Engine/Content/EngineMaterials/NaniteHiddenSectionMaterial.uasset" 409
"../../../Engine/Content/EngineMaterials/NaniteHiddenSectionMaterial.uexp" 410
"../../../Engine/Content/EngineMaterials/InvalidLightmapSettings.ubulk" 411
"../../../Engine/Content/EngineMaterials/InvalidLightmapSettings.uasset" 412
"../../../Engine/Content/EngineMaterials/InvalidLightmapSettings.uexp" 413
"../../../Engine/Content/EngineMaterials/M_InvalidLightmapSettings.uasset" 414
"../../../Engine/Content/EngineMaterials/M_InvalidLightmapSettings.uexp" 415
"../../../Engine/Content/EngineMaterials/GizmoMaterial.uasset" 416
"../../../Engine/Content/EngineMaterials/GizmoMaterial.uexp" 417
"../../../Engine/Content/EngineMaterials/BaseFlattenEmissiveMap_VT.uasset" 418
"../../../Engine/Content/EngineMaterials/BaseFlattenEmissiveMap_VT.uexp" 419
"../../../Engine/Content/EngineMaterials/BaseFlattenGrayscaleMap_VT.uasset" 420
"../../../Engine/Content/EngineMaterials/BaseFlattenGrayscaleMap_VT.uexp" 421
"../../../Engine/Content/EngineMaterials/BaseFlattenLinearColor_VT.uasset" 422
"../../../Engine/Content/EngineMaterials/BaseFlattenLinearColor_VT.uexp" 423
"../../../Engine/Content/EngineMaterials/Black_1x1_EXR_Texture_VT.uasset" 424
"../../../Engine/Content/EngineMaterials/Black_1x1_EXR_Texture_VT.uexp" 425
"../../../Engine/Content/EngineMaterials/BaseFlattenDiffuseMap_VT.uasset" 426
"../../../Engine/Content/EngineMaterials/BaseFlattenDiffuseMap_VT.uexp" 427
"../../../Engine/Content/EngineMaterials/BaseFlattenNormalMap_VT.uasset" 428
"../../../Engine/Content/EngineMaterials/BaseFlattenNormalMap_VT.uexp" 429
"../../../Engine/Content/EngineMaterials/FlattenMaterial_WS_Normal_VT.uasset" 430
"../../../Engine/Content/EngineMaterials/FlattenMaterial_WS_Normal_VT.uexp" 431
"../../../Engine/Content/EngineMaterials/FlattenMaterial_VT.uasset" 432
"../../../Engine/Content/EngineMaterials/FlattenMaterial_VT.uexp" 433
"../../../Engine/Content/EngineMaterials/BaseFlattenNormalMap.uasset" 434
"../../../Engine/Content/EngineMaterials/BaseFlattenNormalMap.uexp" 435
"../../../Engine/Content/EngineMaterials/BaseFlattenGrayscaleMap.uasset" 436
"../../../Engine/Content/EngineMaterials/BaseFlattenGrayscaleMap.uexp" 437
"../../../Engine/Content/EngineMaterials/BaseFlattenDiffuseMap.uasset" 438
"../../../Engine/Content/EngineMaterials/BaseFlattenDiffuseMap.uexp" 439
"../../../Engine/Content/Functions/Engine_MaterialFunctions02/PivotPainter2/Black_1x1_EXR_Texture.uasset" 440
"../../../Engine/Content/Functions/Engine_MaterialFunctions02/PivotPainter2/Black_1x1_EXR_Texture.uexp" 441
"../../../Engine/Content/EngineMaterials/BaseFlattenEmissiveMap.uasset" 442
"../../../Engine/Content/EngineMaterials/BaseFlattenEmissiveMap.uexp" 443
"../../../Engine/Content/EngineMaterials/BaseFlattenLinearColor.uasset" 444
"../../../Engine/Content/EngineMaterials/BaseFlattenLinearColor.uexp" 445
"../../../Engine/Content/EngineMaterials/FlattenMaterial.uasset" 446
"../../../Engine/Content/EngineMaterials/FlattenMaterial.uexp" 447
"../../../Engine/Content/EngineMaterials/DefaultWhiteGrid_Low.uasset" 448
"../../../Engine/Content/EngineMaterials/DefaultWhiteGrid_Low.uexp" 449
"../../../Engine/Content/EngineMaterials/EmissiveMeshMaterial.uasset" 450
"../../../Engine/Content/EngineMaterials/EmissiveMeshMaterial.uexp" 451
"../../../Engine/Content/EngineFonts/RobotoDistanceField.uasset" 452
"../../../Engine/Content/EngineFonts/RobotoDistanceField.uexp" 453
"../../../Engine/Content/EngineMaterials/DefaultTextMaterialOpaque.uasset" 454
"../../../Engine/Content/EngineMaterials/DefaultTextMaterialOpaque.uexp" 455
"../../../Engine/Content/EngineMaterials/DefaultDiffuse.ubulk" 456
"../../../Engine/Content/EngineMaterials/DefaultDiffuse.uasset" 457
"../../../Engine/Content/EngineMaterials/DefaultDiffuse.uexp" 458
"../../../Engine/Content/Functions/Engine_MaterialFunctions02/Utility/BreakOutFloat2Components.uasset" 459
"../../../Engine/Content/Functions/Engine_MaterialFunctions02/Utility/BreakOutFloat2Components.uexp" 460
"../../../Engine/Content/EngineMaterials/DefaultPostProcessMaterial.uasset" 461
"../../../Engine/Content/EngineMaterials/DefaultPostProcessMaterial.uexp" 462
"../../../Engine/Content/EngineMaterials/DefaultPhysicalMaterial.uasset" 463
"../../../Engine/Content/EngineMaterials/DefaultPhysicalMaterial.uexp" 464
"../../../Engine/Content/EngineMaterials/DefaultLightFunctionMaterial.uasset" 465
"../../../Engine/Content/EngineMaterials/DefaultLightFunctionMaterial.uexp" 466
"../../../Engine/Content/EngineMaterials/DefaultDestructiblePhysicalMaterial.uasset" 467
"../../../Engine/Content/EngineMaterials/DefaultDestructiblePhysicalMaterial.uexp" 468
"../../../Engine/Content/EngineMaterials/DefaultDeferredDecalMaterial.uasset" 469
"../../../Engine/Content/EngineMaterials/DefaultDeferredDecalMaterial.uexp" 470
"../../../Engine/Content/EngineMaterials/DefaultBloomKernel.uasset" 471
"../../../Engine/Content/EngineMaterials/DefaultBloomKernel.uexp" 472
"../../../Engine/Content/EngineFonts/Faces/RobotoLight.uexp" 473
"../../../Engine/Content/EngineFonts/Faces/RobotoLight.uasset" 474
"../../../Engine/Content/EngineFonts/Faces/RobotoLight.ufont" 475
"../../../Engine/Content/EngineFonts/Faces/RobotoBold.uexp" 476
"../../../Engine/Content/EngineFonts/Faces/RobotoBold.uasset" 477
"../../../Engine/Content/EngineFonts/Faces/RobotoBold.ufont" 478
"../../../Engine/Content/EngineFonts/Faces/RobotoRegular.uexp" 479
"../../../Engine/Content/EngineFonts/Faces/RobotoRegular.uasset" 480
"../../../Engine/Content/EngineFonts/Faces/RobotoRegular.ufont" 481
"../../../Engine/Content/EngineFonts/Faces/DroidSansFallback.uexp" 482
"../../../Engine/Content/EngineFonts/Faces/DroidSansFallback.uasset" 483
"../../../Engine/Content/EngineFonts/Faces/DroidSansFallback.ufont" 484
"../../../Engine/Content/EngineFonts/Faces/RobotoItalic.uexp" 485
"../../../Engine/Content/EngineFonts/Faces/RobotoItalic.uasset" 486
"../../../Engine/Content/EngineFonts/Faces/RobotoItalic.ufont" 487
"../../../Engine/Content/EngineFonts/Faces/RobotoBoldItalic.uexp" 488
"../../../Engine/Content/EngineFonts/Faces/RobotoBoldItalic.uasset" 489
"../../../Engine/Content/EngineFonts/Faces/RobotoBoldItalic.ufont" 490
"../../../Engine/Content/EngineFonts/Roboto.uasset" 491
"../../../Engine/Content/EngineFonts/Roboto.uexp" 492
"../../../Engine/Content/Functions/Engine_MaterialFunctions02/Utility/CameraDirectionVector.uasset" 493
"../../../Engine/Content/Functions/Engine_MaterialFunctions02/Utility/CameraDirectionVector.uexp" 494
"../../../Engine/Content/EngineDebugMaterials/VolumeToRender.uasset" 495
"../../../Engine/Content/EngineDebugMaterials/VolumeToRender.uexp" 496
"../../../Engine/Content/EngineDebugMaterials/M_VolumeRenderSphereTracePP.uasset" 497
"../../../Engine/Content/EngineDebugMaterials/M_VolumeRenderSphereTracePP.uexp" 498
"../../../Engine/Content/EngineDebugMaterials/M_SimpleUnlitTranslucent.uasset" 499
"../../../Engine/Content/EngineDebugMaterials/M_SimpleUnlitTranslucent.uexp" 500
"../../../Engine/Content/EngineDebugMaterials/DebugMeshMaterial.uasset" 501
"../../../Engine/Content/EngineDebugMaterials/DebugMeshMaterial.uexp" 502
"../../../Engine/Content/EngineDebugMaterials/DebugEditorMaterial.uasset" 503
"../../../Engine/Content/EngineDebugMaterials/DebugEditorMaterial.uexp" 504
"../../../Engine/Content/EngineDamageTypes/DmgTypeBP_Environmental.uasset" 505
"../../../Engine/Content/EngineDamageTypes/DmgTypeBP_Environmental.uexp" 506
"../../../Engine/Content/EditorResources/EmptyActor.uasset" 507
"../../../Engine/Content/EditorResources/EmptyActor.uexp" 508
"../../../Engine/Content/EditorResources/BSPVertex.uasset" 509
"../../../Engine/Content/EditorResources/BSPVertex.uexp" 510
"../../../Engine/Content/EditorMaterials/PreviewShadowIndicator.ubulk" 511
"../../../Engine/Content/EditorMaterials/PreviewShadowIndicator.uasset" 512
"../../../Engine/Content/EditorMaterials/PreviewShadowIndicator.uexp" 513
"../../../Engine/Content/EditorMaterials/PreviewShadowIndicatorMaterial.uasset" 514
"../../../Engine/Content/EditorMaterials/PreviewShadowIndicatorMaterial.uexp" 515
"../../../Engine/Content/EditorMaterials/PhAT_UnselectedMaterial.uasset" 516
"../../../Engine/Content/EditorMaterials/PhAT_UnselectedMaterial.uexp" 517
"../../../Engine/Content/EditorMaterials/PhAT_NoCollisionMaterial.uasset" 518
"../../../Engine/Content/EditorMaterials/PhAT_NoCollisionMaterial.uexp" 519
"../../../Engine/Content/EditorLandscapeResources/DefaultAlphaTexture.uasset" 520
"../../../Engine/Content/EditorLandscapeResources/DefaultAlphaTexture.uexp" 521
"../../../Engine/Content/EditorLandscapeResources/DataLayer.uasset" 522
"../../../Engine/Content/EditorLandscapeResources/DataLayer.uexp" 523
"../../../Engine/Content/BasicShapes/Cone.ubulk" 524
"../../../Engine/Content/BasicShapes/Cone.uasset" 525
"../../../Engine/Content/BasicShapes/Cone.uexp" 526
"../../../Engine/Plugins/Developer/AnimationSharing/Content/AnimSharingBase.uasset" 527
"../../../Engine/Plugins/Developer/AnimationSharing/Content/AnimSharingBase.uexp" 528
"../../../Engine/Plugins/Developer/AnimationSharing/Content/AnimSharingBlue.uasset" 529
"../../../Engine/Plugins/Developer/AnimationSharing/Content/AnimSharingBlue.uexp" 530
"C:/Users/ja/Documents/Unreal Projects/Terrestre/Plugins/RealtimeMeshComponent-5.0.5/Content/CoreExamples/RealtimeMeshSimple/RealtimeMeshSimple.uasset" 531
"C:/Users/ja/Documents/Unreal Projects/Terrestre/Plugins/RealtimeMeshComponent-5.0.5/Content/CoreExamples/RealtimeMeshSimple/RealtimeMeshSimple.uexp" 532
"../../../Engine/Content/Tutorial/SubEditors/TutorialAssets/Character/TutorialTPP_Skeleton.uasset" 533
"../../../Engine/Content/Tutorial/SubEditors/TutorialAssets/Character/TutorialTPP_Skeleton.uexp" 534
"../../../Engine/Content/Tutorial/SubEditors/TutorialAssets/Character/TutorialTPP_Mat.uasset" 535
"../../../Engine/Content/Tutorial/SubEditors/TutorialAssets/Character/TutorialTPP_Mat.uexp" 536
"../../../Engine/Content/Tutorial/SubEditors/TutorialAssets/Character/TutorialTPP_PhysicsAsset.uasset" 537
"../../../Engine/Content/Tutorial/SubEditors/TutorialAssets/Character/TutorialTPP_PhysicsAsset.uexp" 538
"../../../Engine/Content/Tutorial/SubEditors/TutorialAssets/Character/TutorialTPP.uasset" 539
"../../../Engine/Content/Tutorial/SubEditors/TutorialAssets/Character/TutorialTPP.uexp" 540
"C:/Users/ja/Documents/Unreal Projects/Terrestre/Content/Core/Player/Input/PlayerLook_IA.uasset" 541
"C:/Users/ja/Documents/Unreal Projects/Terrestre/Content/Core/Player/Input/PlayerLook_IA.uexp" 542
"C:/Users/ja/Documents/Unreal Projects/Terrestre/Content/Core/Player/Input/PlayerMove_IA.uasset" 543
"C:/Users/ja/Documents/Unreal Projects/Terrestre/Content/Core/Player/Input/PlayerMove_IA.uexp" 544
"C:/Users/ja/Documents/Unreal Projects/Terrestre/Content/Core/Player/Input/PlayerJump_IA.uasset" 545
"C:/Users/ja/Documents/Unreal Projects/Terrestre/Content/Core/Player/Input/PlayerJump_IA.uexp" 546
"C:/Users/ja/Documents/Unreal Projects/Terrestre/Content/Core/Player/Input/PlayerLMB_IA.uasset" 547
"C:/Users/ja/Documents/Unreal Projects/Terrestre/Content/Core/Player/Input/PlayerLMB_IA.uexp" 548
"C:/Users/ja/Documents/Unreal Projects/Terrestre/Content/Core/Player/Input/PlayerCrouch_IA.uasset" 549
"C:/Users/ja/Documents/Unreal Projects/Terrestre/Content/Core/Player/Input/PlayerCrouch_IA.uexp" 550
"C:/Users/ja/Documents/Unreal Projects/Terrestre/Content/Core/Player/Input/PlayerRMB_IA.uasset" 551
"C:/Users/ja/Documents/Unreal Projects/Terrestre/Content/Core/Player/Input/PlayerRMB_IA.uexp" 552
"C:/Users/ja/Documents/Unreal Projects/Terrestre/Content/Core/Player/Input/PlayerInputConfig_DA.uasset" 553
"C:/Users/ja/Documents/Unreal Projects/Terrestre/Content/Core/Player/Input/PlayerInputConfig_DA.uexp" 554
"C:/Users/ja/Documents/Unreal Projects/Terrestre/Content/Core/Player/Input/PlayerInputMapping_IMC.uasset" 555
"C:/Users/ja/Documents/Unreal Projects/Terrestre/Content/Core/Player/Input/PlayerInputMapping_IMC.uexp" 556
"../../../Engine/Content/EngineResources/AICON-Red.uasset" 557
"../../../Engine/Content/EngineResources/AICON-Red.uexp" 558
"C:/Users/ja/Documents/Unreal Projects/Terrestre/Content/Core/Player/UI/HUD_PlayerDefault_BP.uasset" 559
"C:/Users/ja/Documents/Unreal Projects/Terrestre/Content/Core/Player/UI/HUD_PlayerDefault_BP.uexp" 560
"C:/Users/ja/Documents/Unreal Projects/Terrestre/Content/Core/Player/PlayerCharacter_BP.uasset" 561
"C:/Users/ja/Documents/Unreal Projects/Terrestre/Content/Core/Player/PlayerCharacter_BP.uexp" 562
"C:/Users/ja/Documents/Unreal Projects/Terrestre/Content/Core/Gamemode/TerrestrePlayerController_BP.uasset" 563
"C:/Users/ja/Documents/Unreal Projects/Terrestre/Content/Core/Gamemode/TerrestrePlayerController_BP.uexp" 564
"C:/Users/ja/Documents/Unreal Projects/Terrestre/Content/Core/Gamemode/TerrestreGameMode_BP.uasset" 565
"C:/Users/ja/Documents/Unreal Projects/Terrestre/Content/Core/Gamemode/TerrestreGameMode_BP.uexp" 566
"../../../Engine/Content/MobileResources/HUD/VirtualJoystick_Background.uasset" 567
"../../../Engine/Content/MobileResources/HUD/VirtualJoystick_Background.uexp" 568
"../../../Engine/Content/MobileResources/HUD/VirtualJoystick_Thumb.uasset" 569
"../../../Engine/Content/MobileResources/HUD/VirtualJoystick_Thumb.uexp" 570
"../../../Engine/Content/MobileResources/HUD/DefaultVirtualJoysticks.uasset" 571
"../../../Engine/Content/MobileResources/HUD/DefaultVirtualJoysticks.uexp" 572
"../../../Engine/Content/EngineSky/VolumetricClouds/CloudWeatherTexture.uasset" 573
"../../../Engine/Content/EngineSky/VolumetricClouds/CloudWeatherTexture.uexp" 574
"../../../Engine/Content/Functions/Engine_MaterialFunctions02/Utility/MakeFloat2.uasset" 575
"../../../Engine/Content/Functions/Engine_MaterialFunctions02/Utility/MakeFloat2.uexp" 576
"../../../Engine/Content/EngineSky/VolumetricClouds/CloudGradientTexture.uasset" 577
"../../../Engine/Content/EngineSky/VolumetricClouds/CloudGradientTexture.uexp" 578
"../../../Engine/Content/EngineSky/VolumetricClouds/T_NoiseShape64.ubulk" 579
"../../../Engine/Content/EngineSky/VolumetricClouds/T_NoiseShape64.uasset" 580
"../../../Engine/Content/EngineSky/VolumetricClouds/T_NoiseShape64.uexp" 581
"../../../Engine/Content/EngineSky/VolumetricClouds/T_VolumeNoiseShape64.uasset" 582
"../../../Engine/Content/EngineSky/VolumetricClouds/T_VolumeNoiseShape64.uexp" 583
"../../../Engine/Content/EngineSky/VolumetricClouds/T_NoiseErosion.ubulk" 584
"../../../Engine/Content/EngineSky/VolumetricClouds/T_NoiseErosion.uasset" 585
"../../../Engine/Content/EngineSky/VolumetricClouds/T_NoiseErosion.uexp" 586
"../../../Engine/Content/EngineSky/VolumetricClouds/T_VolumeNoiseErosion32.uasset" 587
"../../../Engine/Content/EngineSky/VolumetricClouds/T_VolumeNoiseErosion32.uexp" 588
"../../../Engine/Content/EngineSky/VolumetricClouds/m_SimpleVolumetricCloud.uasset" 589
"../../../Engine/Content/EngineSky/VolumetricClouds/m_SimpleVolumetricCloud.uexp" 590
"../../../Engine/Content/EngineSky/VolumetricClouds/m_SimpleVolumetricCloud_Inst.uasset" 591
"../../../Engine/Content/EngineSky/VolumetricClouds/m_SimpleVolumetricCloud_Inst.uexp" 592
"../../../Engine/Content/EngineResources/FilmGrains/Marcie_Grain_v3_128_M2_000.uasset" 593
"../../../Engine/Content/EngineResources/FilmGrains/Marcie_Grain_v3_128_M2_000.uexp" 594
"../../../Engine/Content/EditorResources/SequenceRecorder/RecordingIndicator.uasset" 595
"../../../Engine/Content/EditorResources/SequenceRecorder/RecordingIndicator.uexp" 596
"../../../Engine/Content/EditorResources/SequenceRecorder/Countdown.uasset" 597
"../../../Engine/Content/EditorResources/SequenceRecorder/Countdown.uexp" 598
"C:/Users/ja/Documents/Unreal Projects/Terrestre/Content/Core/World/Chunk/RealtimeMeshSimple.uasset" 599
"C:/Users/ja/Documents/Unreal Projects/Terrestre/Content/Core/World/Chunk/RealtimeMeshSimple.uexp" 600
"C:/Users/ja/Documents/Unreal Projects/Terrestre/Content/Core/Data/TerrainGeneration/TerrainShaperCurves.uasset" 601
"C:/Users/ja/Documents/Unreal Projects/Terrestre/Content/Core/Data/TerrainGeneration/TerrainShaperCurves.uexp" 602
"C:/Users/ja/Documents/Unreal Projects/Terrestre/Content/Core/Data/DataRegistries/TerrainGenerationCurves_DR.uasset" 603
"C:/Users/ja/Documents/Unreal Projects/Terrestre/Content/Core/Data/DataRegistries/TerrainGenerationCurves_DR.uexp" 604
"C:/Users/ja/Documents/Unreal Projects/Terrestre/Content/Core/Data/Block/BlockData_DT.uasset" 605
"C:/Users/ja/Documents/Unreal Projects/Terrestre/Content/Core/Data/Block/BlockData_DT.uexp" 606
"C:/Users/ja/Documents/Unreal Projects/Terrestre/Content/Core/Data/DataRegistries/BlockData_DR.uasset" 607
"C:/Users/ja/Documents/Unreal Projects/Terrestre/Content/Core/Data/DataRegistries/BlockData_DR.uexp" 608
"../../../Engine/Content/Functions/Engine_MaterialFunctions01/Shading/PowerToRoughness.uasset" 609
"../../../Engine/Content/Functions/Engine_MaterialFunctions01/Shading/PowerToRoughness.uexp" 610
"../../../Engine/Content/Functions/Engine_MaterialFunctions01/Shading/ConvertFromDiffSpec.uasset" 611
"../../../Engine/Content/Functions/Engine_MaterialFunctions01/Shading/ConvertFromDiffSpec.uexp" 612
"C:/Users/ja/Documents/Unreal Projects/Terrestre/Content/Core/World/Textures/Terrain/basalt_smooth.uasset" 613
"C:/Users/ja/Documents/Unreal Projects/Terrestre/Content/Core/World/Textures/Terrain/basalt_smooth.uexp" 614
"../../../Engine/Content/Functions/Engine_MaterialFunctions02/Utility/BlendAngleCorrectedNormals.uasset" 615
"../../../Engine/Content/Functions/Engine_MaterialFunctions02/Utility/BlendAngleCorrectedNormals.uexp" 616
"../../../Engine/Content/Functions/Engine_MaterialFunctions02/ExampleContent/Textures/water_n.ubulk" 617
"../../../Engine/Content/Functions/Engine_MaterialFunctions02/ExampleContent/Textures/water_n.uasset" 618
"../../../Engine/Content/Functions/Engine_MaterialFunctions02/ExampleContent/Textures/water_n.uexp" 619
"../../../Engine/Content/Functions/Engine_MaterialFunctions02/Utility/MakeFloat3.uasset" 620
"../../../Engine/Content/Functions/Engine_MaterialFunctions02/Utility/MakeFloat3.uexp" 621
"C:/Users/ja/Documents/Unreal Projects/Terrestre/Content/Core/World/Materials/Terrain/Water_M.uasset" 622
"C:/Users/ja/Documents/Unreal Projects/Terrestre/Content/Core/World/Materials/Terrain/Water_M.uexp" 623
"C:/Users/ja/Documents/Unreal Projects/Terrestre/Content/Core/World/Materials/Terrain/FarTerrain_M.uasset" 624
"C:/Users/ja/Documents/Unreal Projects/Terrestre/Content/Core/World/Materials/Terrain/FarTerrain_M.uexp" 625
"../../../Engine/Content/Maps/Entry_BuiltData.uasset" 626
"../../../Engine/Content/Maps/Entry_BuiltData.uexp" 627
"../../../Engine/Content/Maps/Entry.uexp" 628
"../../../Engine/Content/Maps/Entry.umap" 629
"C:/Users/ja/Documents/Unreal Projects/Terrestre/Content/Core/Dimensions/PrimusMundus_BuiltData.uasset" 630
"C:/Users/ja/Documents/Unreal Projects/Terrestre/Content/Core/Dimensions/PrimusMundus_BuiltData.uexp" 631
"C:/Users/ja/Documents/Unreal Projects/Terrestre/Content/Core/World/Materials/Terrain/Water_MI.uasset" 632
"C:/Users/ja/Documents/Unreal Projects/Terrestre/Content/Core/World/Materials/Terrain/Water_MI.uexp" 633
"C:/Users/ja/Documents/Unreal Projects/Terrestre/Content/Core/World/Textures/Terrain/grassTop.uasset" 634
"C:/Users/ja/Documents/Unreal Projects/Terrestre/Content/Core/World/Textures/Terrain/grassTop.uexp" 635
"C:/Users/ja/Documents/Unreal Projects/Terrestre/Content/Core/World/Textures/Terrain/grassSide.uasset" 636
"C:/Users/ja/Documents/Unreal Projects/Terrestre/Content/Core/World/Textures/Terrain/grassSide.uexp" 637
"C:/Users/ja/Documents/Unreal Projects/Terrestre/Content/Core/World/Textures/Terrain/basalt_smoothV2.uasset" 638
"C:/Users/ja/Documents/Unreal Projects/Terrestre/Content/Core/World/Textures/Terrain/basalt_smoothV2.uexp" 639
"C:/Users/ja/Documents/Unreal Projects/Terrestre/Content/Core/World/Textures/Terrain/dirt.uasset" 640
"C:/Users/ja/Documents/Unreal Projects/Terrestre/Content/Core/World/Textures/Terrain/dirt.uexp" 641
"C:/Users/ja/Documents/Unreal Projects/Terrestre/Content/Core/World/Textures/Terrain/Terrain_TA2D.uasset" 642
"C:/Users/ja/Documents/Unreal Projects/Terrestre/Content/Core/World/Textures/Terrain/Terrain_TA2D.uexp" 643
"C:/Users/ja/Documents/Unreal Projects/Terrestre/Content/Core/World/Materials/Terrain/Terrain_M.uasset" 644
"C:/Users/ja/Documents/Unreal Projects/Terrestre/Content/Core/World/Materials/Terrain/Terrain_M.uexp" 645
"C:/Users/ja/Documents/Unreal Projects/Terrestre/Content/Core/World/Chunk/AChunk_BP.uasset" 646
"C:/Users/ja/Documents/Unreal Projects/Terrestre/Content/Core/World/Chunk/AChunk_BP.uexp" 647
"C:/Users/ja/Documents/Unreal Projects/Terrestre/Content/Core/World/Chunk/AChunkManager_BP.uasset" 648
"C:/Users/ja/Documents/Unreal Projects/Terrestre/Content/Core/World/Chunk/AChunkManager_BP.uexp" 649
"../../../Engine/Plugins/Experimental/MeshModelingToolsetExp/Content/Curves/ContrastAdjustmentCurve.uasset" 650
"../../../Engine/Plugins/Experimental/MeshModelingToolsetExp/Content/Curves/ContrastAdjustmentCurve.uexp" 651
"../../../Engine/Content/Functions/Engine_MaterialFunctions02/ExampleContent/Textures/SphereRenderMask.ubulk" 652
"../../../Engine/Content/Functions/Engine_MaterialFunctions02/ExampleContent/Textures/SphereRenderMask.uasset" 653
"../../../Engine/Content/Functions/Engine_MaterialFunctions02/ExampleContent/Textures/SphereRenderMask.uexp" 654
"C:/Users/ja/Documents/Unreal Projects/Terrestre/Content/Core/Dimensions/PrimusMundus.uexp" 655
"C:/Users/ja/Documents/Unreal Projects/Terrestre/Content/Core/Dimensions/PrimusMundus.umap" 656
