  Using bundled DotNet SDK version: 6.0.302
  Running UnrealBuildTool: dotnet "..\..\Engine\Binaries\DotNET\UnrealBuildTool\UnrealBuildTool.dll" TerrestreEditor Win64 Development -Project="C:\Users\ja\Documents\Unreal Projects\Terrestre\Terrestre.uproject" -WaitMutex -FromMsBuild
  Log file: C:\Users\ja\AppData\Local\UnrealBuildTool\Log.txt
  Building TerrestreEditor...
  Using Visual Studio 2022 14.34.31937 toolchain (C:\Program Files\Microsoft Visual Studio\2022\Community\VC\Tools\MSVC\14.34.31933) and Windows 10.0.20348.0 SDK (C:\Program Files (x86)\Windows Kits\10).
  [Upgrade]
  [Upgrade] Using backward-compatible include order. The latest version of UE has changed the order of includes, which may require code changes. The current setting is:
  [Upgrade]     IncludeOrderVersion = EngineIncludeOrderVersion.Unreal5_0
  [Upgrade] Suppress this message by setting 'IncludeOrderVersion = EngineIncludeOrderVersion.Unreal5_2;' in TerrestreEditor.Target.cs.
  [Upgrade] Alternatively you can set this to 'EngineIncludeOrderVersion.Latest' to always use the latest include order. This will potentially cause compile errors when integrating new versions of the engine.
  [Upgrade]
  Determining max actions to execute in parallel (6 physical cores, 12 logical cores)
    Executing up to 6 processes, one per physical core
    Requested 1.5 GB free memory per action, 6.51 GB available: limiting max parallel actions to 4
  Building 4 actions with 4 processes...
  [1/4] Link [x64] UnrealEditor-Terrestre.lib cancelled
  [2/4] Link [x64] UnrealEditor-Terrestre.dll cancelled
  [3/4] WriteMetadata TerrestreEditor.target cancelled
  [4/4] Compile [x64] BlockPalette.cpp
C:\Users\ja\Documents\Unreal Projects\Terrestre\Source\Terrestre\Core\Chunk\Storage\BlockPalette.cpp(5): fatal error C1083: Cannot open include file: 'Terrestre/Source/Terrestre/Core/Chunk/Chunk.h': No such file or directory
C:\Program Files\Microsoft Visual Studio\2022\Community\MSBuild\Microsoft\VC\v170\Microsoft.MakeFile.Targets(44,5): error MSB3073: The command ""C:\Program Files\Epic Games\UE_5.2\Engine\Build\BatchFiles\Build.bat" TerrestreEditor Win64 Development -Project="C:\Users\ja\Documents\Unreal Projects\Terrestre\Terrestre.uproject" -WaitMutex -FromMsBuild" exited with code 6.
