Log started at 08/19/2023 19:37:02 (2023-08-19T17:37:02Z)
Adding event matcher: CompileEventMatcher
Adding event matcher: LinkEventMatcher
Adding event matcher: MicrosoftEventMatcher
Adding event matcher: XoreaxEventMatcher
No config file at C:\Users\ja\Documents\Unreal Engine\UnrealBuildTool\BuildConfiguration.xml
Configuration will be read from:
  C:\Users\ja\AppData\Roaming\Unreal Engine\UnrealBuildTool\BuildConfiguration.xml
Log file: C:\Users\ja\Documents\Unreal Projects\Terrestre\Saved\Logs\UnrealVersionSelector-2023.08.19-19.37.02.log

    Registering build platform: UnrealBuildTool.AndroidPlatformFactory
    Registering build platform: UnrealBuildTool.IOSPlatformFactory
    Registering build platform: UnrealBuildTool.LinuxPlatformFactory
    Registering build platform: UnrealBuildTool.MacPlatformFactory
    Registering build platform: UnrealBuildTool.TVOSPlatformFactory
    Registering build platform: UnrealBuildTool.WindowsPlatformFactory
Found Windows 10 SDK root at C:\Program Files (x86)\Windows Kits\10 (1)
Found Windows 10 SDK root at C:\Program Files (x86)\Windows Kits\10 (2)
Found Windows 10 SDK version 10.0.19041.0 at C:\Program Files (x86)\Windows Kits\10
Found Universal CRT version 10.0.19041.0 at C:\Program Files (x86)\Windows Kits\10
Found Windows 10 SDK version 10.0.20348.0 at C:\Program Files (x86)\Windows Kits\10
Found Universal CRT version 10.0.20348.0 at C:\Program Files (x86)\Windows Kits\10
Win64 Installed SDK(s): MinVersion_Sdk=10.0.00000.0, MaxVersion_Sdk=10.9.99999.0, CurrentVersion_Sdk=10.0.20348.0, Version_AutoSdk=10.0.18362.0, CurrentVersion_AutoSdk=
        Registering build platform: Win64 - buildable: True
    Registering build platform: UnrealBuildTool.HoloLensPlatformFactory
Log file: C:\Users\ja\AppData\Local\UnrealBuildTool\Log_GPF.txt
Deleting old log file: C:\Users\ja\AppData\Local\UnrealBuildTool\Log_GPF-backup-2022.05.30-07.18.40.txt
Resolved project argument C:/Users/ja/Documents/Unreal Projects/Terrestre/Terrestre.uproject to C:\Users\ja\Documents\Unreal Projects\Terrestre\Terrestre.uproject
Registering project generator UnrealBuildTool.AndroidProjectGenerator for Android
Skipping project file generator registration for Android due to no valid BuildPlatform.
Registering project generator UnrealBuildTool.IOSProjectGenerator for IOS
Skipping project file generator registration for IOS due to no valid BuildPlatform.
Registering project generator UnrealBuildTool.LinuxProjectGenerator for Linux
Skipping project file generator registration for Linux due to no valid BuildPlatform.
Registering project generator UnrealBuildTool.LinuxProjectGenerator for LinuxArm64
Skipping project file generator registration for LinuxArm64 due to no valid BuildPlatform.
Registering project generator UnrealBuildTool.MacProjectGenerator for Mac
Skipping project file generator registration for Mac due to no valid BuildPlatform.
Registering project generator UnrealBuildTool.TVOSProjectGenerator for TVOS
Skipping project file generator registration for TVOS due to no valid BuildPlatform.
Registering project generator UnrealBuildTool.WindowsProjectGenerator for Win64
Registering project generator UnrealBuildTool.HoloLensProjectGenerator for HoloLens
Skipping project file generator registration for HoloLens due to no valid BuildPlatform.

---   SDK INFO START   ---
---   SDK INFO END   ---


Generating VisualStudio project files:
Discovering modules, targets and source code for project...
Found Visual Studio installation: C:\Program Files\Microsoft Visual Studio\2022\Community (Product=Microsoft.VisualStudio.Product.Community, Version=17.4.33205.214)
Found Visual Studio toolchain: C:\Program Files\Microsoft Visual Studio\2022\Community\VC\Tools\MSVC\14.29.30133 (Family=14.29.30133, FamilyRank=1, Version=14.29.30146, Is64Bit=True, Preview=False, Architecture=x64, Error=False, Redist=C:\Program Files\Microsoft Visual Studio\2022\Community\VC\Redist\MSVC\14.29.30133)
Found Visual Studio toolchain: C:\Program Files\Microsoft Visual Studio\2022\Community\VC\Tools\MSVC\14.34.31933 (Family=14.34.31933, FamilyRank=0, Version=14.34.31937, Is64Bit=True, Preview=False, Architecture=x64, Error=False, Redist=C:\Program Files\Microsoft Visual Studio\2022\Community\VC\Redist\MSVC\14.34.31931)
Detected supported platforms: Win64
Skipping C:\Program Files\Epic Games\UE_5.2\Engine\Intermediate\Build\BuildRules\UE5Rules.dll: File is installed
Skipping C:\Program Files\Epic Games\UE_5.2\Engine\Intermediate\Build\BuildRules\UE5ProgramRules.dll: File is installed
Generating target Editor for C:\Users\ja\Documents\Unreal Projects\Terrestre\Intermediate\ProjectFiles\UE5.vcxproj
Generating target Game for C:\Users\ja\Documents\Unreal Projects\Terrestre\Intermediate\ProjectFiles\UE5.vcxproj
Creating project rules assembly for C:\Users\ja\Documents\Unreal Projects\Terrestre\Terrestre.uproject...
 Found 2 Plugins:
  C:\Users\ja\Documents\Unreal Projects\Terrestre\Plugins\RealtimeMeshComponent-5.0.5\RealtimeMeshComponent.uplugin
  C:\Users\ja\Documents\Unreal Projects\Terrestre\Plugins\UE4CMake\CMakeTarget.uplugin
 Found 5 Modules:
  C:\Users\ja\Documents\Unreal Projects\Terrestre\Source\Terrestre\Terrestre.Build.cs
  C:\Users\ja\Documents\Unreal Projects\Terrestre\Plugins\RealtimeMeshComponent-5.0.5\Source\RealtimeMeshComponent\RealtimeMeshComponent.Build.cs
  C:\Users\ja\Documents\Unreal Projects\Terrestre\Plugins\RealtimeMeshComponent-5.0.5\Source\RealtimeMeshEditor\RealtimeMeshEditor.Build.cs
  C:\Users\ja\Documents\Unreal Projects\Terrestre\Plugins\RealtimeMeshComponent-5.0.5\Source\RealtimeMeshTests\RealtimeMeshTests.Build.cs
  C:\Users\ja\Documents\Unreal Projects\Terrestre\Plugins\UE4CMake\Source\CMakeTarget.Build.cs
Compiled assembly file 'C:\Users\ja\Documents\Unreal Projects\Terrestre\Intermediate\Build\BuildRules\TerrestreModuleRules.dll' appears to be for a newer CLR version or is otherwise invalid.  Unreal Build Tool will try to recompile this assembly now.  (Exception: Could not load file or assembly 'C:\Users\ja\Documents\Unreal Projects\Terrestre\Intermediate\Build\BuildRules\TerrestreModuleRules.dll'. Format of the executable (.exe) or library (.dll) is invalid.)
C:\Users\ja\Documents\Unreal Projects\Terrestre\Plugins\UE4CMake\Source\CMakeTarget.Build.cs(371,73): error CS0246: The type or namespace name 'WindowsArchitecture' could not be found (are you missing a using directive or an assembly reference?)
C:\Users\ja\Documents\Unreal Projects\Terrestre\Plugins\RealtimeMeshComponent-5.0.5\Source\RealtimeMeshComponent\RealtimeMeshComponent.Build.cs(10,9): warning CS0618: 'ModuleRules.bEnforceIWYU' is obsolete: 'Deprecated in UE5.2 - Use IWYUSupport instead.'
C:\Users\ja\Documents\Unreal Projects\Terrestre\Source\Terrestre\Terrestre.Build.cs(15,52): error CS0103: The name 'Path' does not exist in the current context
C:\Users\ja\Documents\Unreal Projects\Terrestre\Plugins\UE4CMake\Source\CMakeTarget.Build.cs(381,32): error CS0103: The name 'WindowsArchitecture' does not exist in the current context
C:\Users\ja\Documents\Unreal Projects\Terrestre\Plugins\UE4CMake\Source\CMakeTarget.Build.cs(383,37): error CS0103: The name 'WindowsArchitecture' does not exist in the current context
C:\Users\ja\Documents\Unreal Projects\Terrestre\Plugins\UE4CMake\Source\CMakeTarget.Build.cs(410,81): error CS1503: Argument 2: cannot convert from 'UnrealBuildTool.UnrealArch' to 'WindowsArchitecture'
C:\Users\ja\Documents\Unreal Projects\Terrestre\Plugins\UE4CMake\Source\CMakeTarget.Build.cs(417,31): warning CS8632: The annotation for nullable reference types should only be used in code within a '#nullable' annotations context.
C:\Users\ja\Documents\Unreal Projects\Terrestre\Plugins\UE4CMake\Source\CMakeTarget.Build.cs(421,23): warning CS8632: The annotation for nullable reference types should only be used in code within a '#nullable' annotations context.
Expecting to find a type to be declared in a target rules named 'TerrestreTarget'.  This type must derive from the 'TargetRules' type defined by Unreal Build Tool.
BuildException: Expecting to find a type to be declared in a target rules named 'TerrestreTarget'.  This type must derive from the 'TargetRules' type defined by Unreal Build Tool.
   at UnrealBuildTool.RulesAssembly.CreateTargetRules(String TargetName, UnrealTargetPlatform Platform, UnrealTargetConfiguration Configuration, UnrealArchitectures Architectures, FileReference ProjectFile, CommandLineArguments Arguments, ILogger Logger, Boolean IsTestTarget, Boolean bSkipValidation) in D:\build\++UE5\Sync\Engine\Saved\CsTools\Engine\Source\Programs\UnrealBuildTool\System\RulesAssembly.cs:line 782
   at UnrealBuildTool.ProjectFileGenerator.AddProjectsForAllTargets(PlatformProjectGeneratorCollection PlatformProjectGenerators, List`1 AllGames, List`1 AllTargetFiles, String[] Arguments, ProjectFile& EngineProject, List`1 GameProjects, Dictionary`2 ProjectFileToUProjectFile, Dictionary`2 ProgramProjects, Dictionary`2 RulesAssemblies, ILogger Logger) in D:\build\++UE5\Sync\Engine\Saved\CsTools\Engine\Source\Programs\UnrealBuildTool\ProjectFiles\ProjectFileGenerator.cs:line 2450
   at UnrealBuildTool.ProjectFileGenerator.GenerateProjectFiles(PlatformProjectGeneratorCollection PlatformProjectGenerators, String[] Arguments, ILogger Logger) in D:\build\++UE5\Sync\Engine\Saved\CsTools\Engine\Source\Programs\UnrealBuildTool\ProjectFiles\ProjectFileGenerator.cs:line 916
   at UnrealBuildTool.GenerateProjectFilesMode.Execute(CommandLineArguments Arguments, ILogger Logger) in D:\build\++UE5\Sync\Engine\Saved\CsTools\Engine\Source\Programs\UnrealBuildTool\Modes\GenerateProjectFilesMode.cs:line 67
   at UnrealBuildTool.UnrealBuildTool.Main(String[] ArgumentsArray) in D:\build\++UE5\Sync\Engine\Saved\CsTools\Engine\Source\Programs\UnrealBuildTool\UnrealBuildTool.cs:line 599
WriteFileIfChanged() wrote 0 changed files of 0 requested writes.
Timeline:

[ 0.000]
[ 0.000](+3.922) <unknown>
[ 3.922]
